<?xml version="1.0" encoding="UTF-8"?>
<testng-results ignored="0" total="2" passed="2" failed="0" skipped="0">
  <reporter-output>
  </reporter-output>
  <suite started-at="2022-06-03T14:06:18Z" name="Default suite" finished-at="2022-06-03T14:06:18Z" duration-ms="31">
    <groups>
    </groups>
    <test started-at="2022-06-03T14:06:18Z" name="Default test" finished-at="2022-06-03T14:06:18Z" duration-ms="31">
      <class name="DataProvider.dataproviderdemo">
        <test-method signature="run(java.lang.String, java.lang.String)[pri:0, instance:DataProvider.dataproviderdemo@1f75a668]" started-at="2022-06-03T14:06:18Z" name="run" data-provider="data" finished-at="2022-06-03T14:06:18Z" duration-ms="6" status="PASS">
          <params>
            <param index="0">
              <value>
                <![CDATA[Akshata]]>
              </value>
            </param>
            <param index="1">
              <value>
                <![CDATA[Pai]]>
              </value>
            </param>
          </params>
          <reporter-output>
          </reporter-output>
        </test-method> <!-- run -->
        <test-method signature="run(java.lang.String, java.lang.String)[pri:0, instance:DataProvider.dataproviderdemo@1f75a668]" started-at="2022-06-03T14:06:18Z" name="run" data-provider="data" finished-at="2022-06-03T14:06:18Z" duration-ms="1" status="PASS">
          <params>
            <param index="0">
              <value>
                <![CDATA[Vidya]]>
              </value>
            </param>
            <param index="1">
              <value>
                <![CDATA[Pai]]>
              </value>
            </param>
          </params>
          <reporter-output>
          </reporter-output>
        </test-method> <!-- run -->
      </class> <!-- DataProvider.dataproviderdemo -->
    </test> <!-- Default test -->
  </suite> <!-- Default suite -->
</testng-results>
